<?xml version="1.0" encoding="UTF-8"?>
<!-- Generated by org.testng.reporters.JUnitReportReporter -->
<testsuite hostname="C02NG1BEG3QN" name="com.levi.api.aoslse.Happy" tests="1" failures="0" timestamp="9 Oct 2018 21:34:06 GMT" time="43.720" errors="0">
  <testcase name="happy" time="43.720" classname="com.levi.api.aoslse.Happy"/>
</testsuite> <!-- com.levi.api.aoslse.Happy -->
