<?xml version="1.0" encoding="UTF-8"?>
<!-- Generated by org.testng.reporters.JUnitReportReporter -->
<testsuite hostname="C02NG1BEG3QN" name="com.levi.api.aoslse.RemoveCart" tests="1" failures="0" timestamp="4 Oct 2018 01:04:19 GMT" time="52.444" errors="0">
  <testcase name="removeCart" time="52.444" classname="com.levi.api.aoslse.RemoveCart"/>
</testsuite> <!-- com.levi.api.aoslse.RemoveCart -->
