<?xml version="1.0" encoding="UTF-8"?>
<!-- Generated by org.testng.reporters.JUnitReportReporter -->
<testsuite hostname="C02NG1BEG3QN" name="com.levi.api.aoslse.RemoveCart" tests="1" failures="0" timestamp="10 Oct 2018 06:50:57 GMT" time="29.274" errors="0">
  <testcase name="removeCart" time="29.274" classname="com.levi.api.aoslse.RemoveCart"/>
</testsuite> <!-- com.levi.api.aoslse.RemoveCart -->
