<?xml version="1.0" encoding="UTF-8"?>
<!-- Generated by org.testng.reporters.JUnitReportReporter -->
<testsuite hostname="C02NG1BEG3QN" name="com.levi.api.aoslse.HappyPath" tests="5" failures="0" timestamp="29 Sep 2018 00:06:02 GMT" time="17.715" errors="0">
  <testcase name="availableDeliveryMethods" time="1.586" classname="com.levi.api.aoslse.HappyPath"/>
  <testcase name="createAddress" time="7.930" classname="com.levi.api.aoslse.HappyPath"/>
  <testcase name="stockAvailablity" time="2.209" classname="com.levi.api.aoslse.HappyPath"/>
  <testcase name="productData" time="4.864" classname="com.levi.api.aoslse.HappyPath"/>
  <testcase name="swatchData" time="1.126" classname="com.levi.api.aoslse.HappyPath"/>
</testsuite> <!-- com.levi.api.aoslse.HappyPath -->
