<?xml version="1.0" encoding="UTF-8"?>
<!-- Generated by org.testng.reporters.JUnitReportReporter -->
<testsuite hostname="C02NG1BEG3QN" name="com.levi.api.aoslse.EditCart" tests="1" failures="0" timestamp="4 Oct 2018 21:13:12 GMT" time="37.903" errors="0">
  <testcase name="editCart" time="37.903" classname="com.levi.api.aoslse.EditCart"/>
</testsuite> <!-- com.levi.api.aoslse.EditCart -->
