<?xml version="1.0" encoding="UTF-8"?>
<!-- Generated by org.testng.reporters.JUnitReportReporter -->
<testsuite hostname="C02NG1BEG3QN" name="com.levi.api.cdhinv.CDHInventoryPC13Test" tests="1" failures="0" timestamp="19 Sep 2018 05:09:44 GMT" time="5.816" errors="0">
  <testcase name="checkPC13" time="5.816" classname="com.levi.api.cdhinv.CDHInventoryPC13Test"/>
</testsuite> <!-- com.levi.api.cdhinv.CDHInventoryPC13Test -->
