<?xml version="1.0" encoding="UTF-8"?>
<!-- Generated by org.testng.reporters.JUnitReportReporter -->
<testsuite hostname="C02NG1BEG3QN" name="com.levi.api.aoslse.Promo" tests="1" failures="0" timestamp="8 Oct 2018 22:46:41 GMT" time="29.969" errors="0">
  <testcase name="promo" time="29.969" classname="com.levi.api.aoslse.Promo"/>
</testsuite> <!-- com.levi.api.aoslse.Promo -->
