<?xml version="1.0" encoding="UTF-8"?>
<!-- Generated by org.testng.reporters.JUnitReportReporter -->
<testsuite hostname="C02NG1BEG3QN" name="com.levi.api.aoslse.Promo" tests="1" failures="0" timestamp="9 Oct 2018 21:36:29 GMT" time="25.293" errors="0">
  <testcase name="promo" time="25.293" classname="com.levi.api.aoslse.Promo"/>
</testsuite> <!-- com.levi.api.aoslse.Promo -->
