<?xml version="1.0" encoding="UTF-8"?>
<!-- Generated by org.testng.reporters.JUnitReportReporter -->
<testsuite hostname="C02NG1BEG3QN" name="com.levi.api.aoslse.EditCart" tests="1" failures="0" timestamp="9 Oct 2018 21:36:29 GMT" time="20.330" errors="0">
  <testcase name="editCart" time="20.330" classname="com.levi.api.aoslse.EditCart"/>
</testsuite> <!-- com.levi.api.aoslse.EditCart -->
