<?xml version="1.0" encoding="UTF-8"?>
<!-- Generated by org.testng.reporters.JUnitReportReporter -->
<testsuite hostname="C02NG1BEG3QN" name="com.levi.api.aoslse.Promo" tests="1" failures="0" timestamp="9 Oct 2018 18:56:39 GMT" time="45.388" errors="0">
  <testcase name="promo" time="45.388" classname="com.levi.api.aoslse.Promo"/>
</testsuite> <!-- com.levi.api.aoslse.Promo -->
